2023-10-23_10:35:48:
TICKS    1697884469.32
CPU%             15.90
Name: 0, dtype: object

2023-10-23_10:35:48:
TICKS    1697884470.82
CPU%              0.00
Name: 1, dtype: object

2023-10-23_10:35:48:
TICKS    1697884472.32
CPU%              0.00
Name: 2, dtype: object

2023-10-23_10:35:48:
TICKS    1697884473.82
CPU%              0.00
Name: 3, dtype: object

2023-10-23_10:35:48:
TICKS    1697884475.33
CPU%              2.00
Name: 4, dtype: object

2023-10-23_10:35:48:
TICKS    1697884476.83
CPU%              8.00
Name: 5, dtype: object

2023-10-23_10:35:48:
TICKS    1697884478.33
CPU%             76.30
Name: 6, dtype: object

2023-10-23_10:35:48:
TICKS    1697884479.83
CPU%              0.00
Name: 7, dtype: object

2023-10-23_10:35:48:
TICKS    1697884481.34
CPU%             43.20
Name: 8, dtype: object

2023-10-23_10:35:48:
TICKS    1697884482.84
CPU%             12.10
Name: 9, dtype: object

2023-10-23_10:35:48:
TICKS    1697884484.34
CPU%              2.00
Name: 10, dtype: object

2023-10-23_10:35:48:
TICKS    1697884485.84
CPU%             25.80
Name: 11, dtype: object

2023-10-23_10:35:48:
TICKS    1697884487.35
CPU%             16.00
Name: 12, dtype: object

2023-10-23_10:35:48:
TICKS    1697884488.85
CPU%             28.20
Name: 13, dtype: object

2023-10-23_10:35:48:
TICKS    1697884490.35
CPU%              6.00
Name: 14, dtype: object

2023-10-23_10:35:48:
TICKS    1697884491.85
CPU%              0.00
Name: 15, dtype: object

2023-10-23_10:35:48:
TICKS    1697884493.36
CPU%              6.00
Name: 16, dtype: object

2023-10-23_10:35:48:
TICKS    1697884494.86
CPU%              0.00
Name: 17, dtype: object

2023-10-23_10:35:48:
TICKS    1697884496.36
CPU%              2.00
Name: 18, dtype: object

2023-10-23_10:35:48:
TICKS    1697884497.86
CPU%              0.00
Name: 19, dtype: object

2023-10-23_10:35:48:
TICKS    1697884499.37
CPU%              2.00
Name: 20, dtype: object

2023-10-23_10:35:48:
TICKS    1697884500.87
CPU%              2.00
Name: 21, dtype: object

2023-10-23_10:35:48:
TICKS    1697884502.37
CPU%              4.00
Name: 22, dtype: object

2023-10-23_10:35:48:
TICKS    1697884503.87
CPU%              4.00
Name: 23, dtype: object

2023-10-23_10:35:48:
TICKS    1697884505.38
CPU%              4.00
Name: 24, dtype: object

2023-10-23_10:35:48:
TICKS    1697884506.88
CPU%              0.00
Name: 25, dtype: object

2023-10-23_10:35:48:
TICKS    1697884508.38
CPU%              2.00
Name: 26, dtype: object

2023-10-23_10:35:48:
TICKS    1697884509.88
CPU%              0.00
Name: 27, dtype: object

2023-10-23_10:35:48:
TICKS    1697884511.39
CPU%              2.00
Name: 28, dtype: object

2023-10-23_10:35:48:
TICKS    1697884512.89
CPU%              2.00
Name: 29, dtype: object

